<?xml version="1.0" encoding="UTF-8"?>
<testsuite name="Testing a Cucumber Expression" tests="1" skipped="0" failures="0" errors="0" timestamp="2018-07-24T10:49:52" hostname="FULL150-AIR.FULL.Creative" time="0.334">
  <properties/>
  <testcase name="Testing a cucumber expression" classname="Testing a Cucumber Expression" time="0.334"/>
  <system-out><![CDATA[Cukes: 

    ?[32mGiven ?[0m?[32mI have ?[0m?[32m?[1m48?[0m?[32m cukes in my belly?[0m     ?[90m# Test3.i_have_n_cukes_in_my_belly(int)?[0m
]]></system-out>
  <system-err><![CDATA[[Test worker] INFO net.thucydides.core.steps.ConsoleLoggingListener - 
        __    _____ _____ ____ _____   ____   _    ____  ____  _____ ____  
  _     \ \  |_   _| ____/ ___|_   _| |  _ \ / \  / ___|/ ___|| ____|  _ \ 
 (_)_____| |   | | |  _| \___ \ | |   | |_) / _ \ \___ \\___ \|  _| | | | |
  _|_____| |   | | | |___ ___) || |   |  __/ ___ \ ___) |___) | |___| |_| |
 (_)     | |   |_| |_____|____/ |_|   |_| /_/   \_\____/|____/|_____|____/ 
        /_/                                                                

TEST PASSED: Testing a cucumber expression
----------------------------------------------------------------------------
]]></system-err>
</testsuite>
